<?xml version="1.0" encoding="UTF-8"?>
<testng-results ignored="0" total="1" passed="1" failed="0" skipped="0">
  <reporter-output>
  </reporter-output>
  <suite started-at="2024-06-23T08:50:16 IST" name="Suite" finished-at="2024-06-23T08:50:52 IST" duration-ms="36073">
    <groups>
    </groups>
    <test started-at="2024-06-23T08:50:16 IST" name="Test" finished-at="2024-06-23T08:50:52 IST" duration-ms="36073">
      <class name="com.mystore.testcases.SFAccCreationTest">
        <test-method is-config="true" signature="loadConfig()[pri:0, instance:com.mystore.testcases.SFAccCreationTest@5c7bfdc1]" started-at="2024-06-23T08:50:16 IST" name="loadConfig" finished-at="2024-06-23T08:50:16 IST" duration-ms="13" status="PASS">
          <reporter-output>
          </reporter-output>
        </test-method> <!-- loadConfig -->
        <test-method is-config="true" signature="setup(java.lang.String)[pri:0, instance:com.mystore.testcases.SFAccCreationTest@5c7bfdc1]" started-at="2024-06-23T08:50:16 IST" name="setup" finished-at="2024-06-23T08:50:28 IST" duration-ms="11459" status="PASS">
          <params>
            <param index="0">
              <value>
                <![CDATA[Chrome]]>
              </value>
            </param>
          </params>
          <reporter-output>
          </reporter-output>
        </test-method> <!-- setup -->
        <test-method signature="clcikAcc()[pri:0, instance:com.mystore.testcases.SFAccCreationTest@5c7bfdc1]" started-at="2024-06-23T08:50:28 IST" name="clcikAcc" finished-at="2024-06-23T08:50:52 IST" duration-ms="24326" status="PASS">
          <reporter-output>
          </reporter-output>
        </test-method> <!-- clcikAcc -->
        <test-method is-config="true" signature="tearDown()[pri:0, instance:com.mystore.testcases.SFAccCreationTest@5c7bfdc1]" started-at="2024-06-23T08:50:52 IST" name="tearDown" finished-at="2024-06-23T08:50:52 IST" duration-ms="258" status="PASS">
          <reporter-output>
          </reporter-output>
        </test-method> <!-- tearDown -->
      </class> <!-- com.mystore.testcases.SFAccCreationTest -->
    </test> <!-- Test -->
  </suite> <!-- Suite -->
</testng-results>
